2014-01-06T20:34:50.547Z - info: Created FL2747208226120140105
2014-01-06T20:34:50.575Z - info: Created CA4080712378320140104
2014-01-06T20:34:50.685Z - info: Created CA4080712378320140104
2014-01-06T20:34:50.760Z - info: Created CA4006612176420140102
2014-01-06T20:34:50.846Z - info: Created CA4006612176420140102
2014-02-28T20:16:14.498Z - info: Created CO4000010400020140211
2014-02-28T20:16:14.554Z - info: Created AK6235414497320140115
2014-02-28T20:16:14.651Z - info: Created CA3630011869420140228
2014-02-28T20:16:14.800Z - info: Created CA3668211895320140228
2014-02-28T20:16:14.893Z - info: Created ID4425811510020140228
2014-02-28T20:16:15.000Z - info: Created ID4425711545820140228
2014-02-28T20:25:05.259Z - info: Created CO4000010400020140211
2014-02-28T20:25:05.297Z - info: Created AK6235414497320140115
2014-02-28T20:25:05.412Z - info: Created CA3630011869420140228
2014-02-28T20:25:05.526Z - info: Created CA3668211895320140228
2014-02-28T20:25:05.629Z - info: Created ID4425811510020140228
2014-02-28T20:25:05.753Z - info: Created ID4425711545820140228
2014-03-07T01:05:58.384Z - info: Created AK6415114677920140202
2014-03-07T01:05:58.403Z - info: Created AK6415214678720140202
2014-03-07T01:05:58.414Z - info: Created AK5963315150420140206
2014-03-07T01:05:58.477Z - info: Created YT6260614069320140206
2014-03-07T01:05:58.590Z - info: Created AK6108516026820140206
2014-03-07T01:05:58.707Z - info: Created AK6484014747920140205
2014-03-07T01:05:58.824Z - info: Created YT6261714099320140206
2014-03-07T01:05:58.943Z - info: Created AK6050915969020140206
2014-03-07T01:05:59.060Z - info: Created AK632051432852040
2014-03-07T01:05:59.183Z - info: Created AK622961468232056
2014-03-07T01:05:59.288Z - info: Created AK629861423212038
2014-03-07T01:05:59.399Z - info: Created AK606241497262055
2014-03-07T01:05:59.520Z - info: Created AK6770615780220140131
2014-03-07T01:05:59.631Z - info: Created AK6130314218720140130
2014-03-07T01:05:59.746Z - info: Created AK6499414775220140131
2014-03-07T01:05:59.870Z - info: Created AK6499414775220140130
2014-03-07T01:06:00.002Z - info: Created AK6341716014620140127
2014-03-07T01:06:00.095Z - info: Created AK6476415859620140103
2014-03-07T01:06:00.219Z - info: Created AK5546613037620140130
2014-03-07T01:06:00.320Z - info: Created AK6431416051420140130
2014-03-07T01:06:00.456Z - info: Created AK6400215867720140106
2014-03-07T01:06:00.557Z - info: Created AK5959913553220140130
2014-03-07T01:06:00.670Z - info: Created AK6227214655220140131
2014-03-07T01:06:00.784Z - info: Created AK6213514865420140131
2014-03-07T01:06:00.899Z - info: Created AK5965715148120140204
2014-03-07T01:06:01.011Z - info: Created AK6256014160720140205
2014-03-07T01:06:01.139Z - info: Created AK6228515852620140102
2014-03-07T01:06:01.236Z - info: Created AK6476415859620140103
2014-03-07T01:06:01.351Z - info: Created AK6415414678820140205
2014-03-07T01:06:01.467Z - info: Created YT6262114098520140201
2014-03-07T01:06:01.577Z - info: Created AK6328214314620140110
2014-03-07T01:06:01.705Z - info: Created AK6115915597020140201
2014-03-07T01:06:01.808Z - info: Created AK6854316172820140203
2014-03-07T01:06:01.930Z - info: Created AK6443014587020140202
2014-03-07T01:06:02.035Z - info: Created AK6058115047520140201
2014-03-07T01:06:02.152Z - info: Created AK5963615151120140202
2014-03-07T01:06:02.268Z - info: Created AK5963615150120140202
2014-03-07T01:06:02.391Z - info: Created AK6491814755920140201
2014-03-07T01:06:02.495Z - info: Created AK5882213551120140203
2014-03-07T01:06:02.608Z - info: Created AK6455715920020140204
2014-03-07T01:06:02.724Z - info: Created AK6844316387220140204
2014-03-07T01:06:02.841Z - info: Created AK6058115047520140201
2014-03-07T01:06:02.959Z - info: Created AK6476415859620140103
2014-03-07T01:06:03.069Z - info: Created AK6400215867720140106
2014-03-07T01:06:03.183Z - info: Created AK6625314701020140211
2014-03-07T01:06:03.312Z - info: Created YT6680614082620140211
2014-03-07T01:06:03.413Z - info: Created AK6315215464720140217
2014-03-07T01:06:03.527Z - info: Created AK6600014700020140217
2014-03-07T01:06:03.643Z - info: Created AK6841314667420140218
2014-03-07T01:06:03.756Z - info: Created AK6841314667420140218
2014-03-07T01:06:03.867Z - info: Created AK6238314653820140219
2014-03-07T01:06:03.992Z - info: Created YT6260614069320140206
2014-03-07T01:06:04.097Z - info: Created AK6434615750520140214
2014-03-07T01:06:04.210Z - info: Created AK6736415325520140220
2014-03-07T01:06:04.309Z - info: Created UT4016911067820140220
2014-03-07T01:06:04.413Z - info: Created WY4169510915220140220
2014-03-07T01:06:04.538Z - info: Created AK6883015162920140224
2014-03-07T01:06:04.642Z - info: Created AK6937214509720140224
2014-03-07T01:06:04.757Z - info: Created AK6882214446020140224
2014-03-07T01:06:04.868Z - info: Created AK6605915856720140224
2014-03-07T01:06:04.984Z - info: Created AK6476415859620140103
2014-03-07T01:06:05.098Z - info: Created AK6339615417620140225
2014-03-07T01:06:05.224Z - info: Created AK6847114609120140224
2014-03-07T01:06:05.332Z - info: Created AK6544016277020140224
2014-03-07T01:06:05.448Z - info: Created AK6339615417620140225
2014-03-07T01:06:05.559Z - info: Created AK6235414497320140115
2014-03-07T01:06:05.676Z - info: Created AK6651315624120140305
2014-03-07T01:06:05.775Z - info: Created ID4523711523720140306
2014-03-07T01:06:05.880Z - info: Created ID4533911533920140306
2014-03-07T01:06:05.994Z - info: Created ID4537311537320140306
2014-03-07T01:06:06.087Z - info: Created ID4540711540720140306
2014-03-07T01:06:06.190Z - info: Created ID4544111544120140306
2014-03-07T01:06:06.295Z - info: Created ID4544111544120140306
2014-03-07T01:06:06.398Z - info: Created ID4631211509820140108
2014-03-07T01:06:06.515Z - info: Created AK5748515336620140306
2014-03-07T01:06:06.619Z - info: Created ID4318611118620140306
2014-03-07T01:06:06.743Z - info: Created AK6082315044320140306
2014-03-07T01:06:06.847Z - info: Created AK6081215069620140306
2014-03-07T01:06:06.949Z - info: Created UT4123711241020140306
2014-03-07T01:06:07.062Z - info: Created AK6938715526320140306
2014-03-07T01:06:07.166Z - info: Created ID4323811323720140306
2014-03-07T01:06:07.288Z - info: Created AK6209415376920140306
2014-03-07T01:06:07.422Z - info: Created AK6209415376920140306
2014-03-07T01:06:07.539Z - info: Created AK6209415376920140306
2014-03-07T01:06:07.629Z - info: Created AK6167615285420140306
2014-03-07T01:06:07.744Z - info: Created AK6175915320020140306
2014-03-07T01:06:07.867Z - info: Created AK6982615953320140306
2014-03-07T01:06:07.970Z - info: Created AK6982615953320140306
2014-03-07T01:06:08.086Z - info: Created AK6988916026920140306
2014-03-07T01:06:08.199Z - info: Created AK6032914974120140306
2014-03-07T01:06:08.311Z - info: Created AK6836414555520140306
2014-03-07T01:06:08.430Z - info: Created AK6702814321820140306
2014-03-07T01:06:08.543Z - info: Created AK6702814321820140306
2014-03-07T01:06:08.655Z - info: Created AK6702814321820140306
2014-03-07T01:06:08.770Z - info: Created ID4416911416920140306
2014-03-07T01:06:08.863Z - info: Created ID4516911516920140306
2014-03-07T01:06:08.967Z - info: Created ID4520311520320140306
2014-03-07T01:06:09.069Z - info: Created ID4527111527120140306
2014-03-07T01:06:09.184Z - info: Created AK5748515336620140306
2014-03-07T01:06:09.284Z - info: Created ID4222011322020140306
2014-03-07T01:06:09.412Z - info: Created AK6082315044320140306
2014-03-07T01:06:09.502Z - info: Created UT3967811118720140306
2014-03-07T01:06:09.606Z - info: Created AZ3490811289120140306
2014-03-07T01:06:09.721Z - info: Created AK6553816385420140306
2014-03-07T01:06:09.837Z - info: Created AK6988716027320140306
2014-03-07T01:06:09.973Z - info: Created AK6702814321820140306
